2020/12/15 12:23:46 にビルドを開始しました。
     1>ノード 2 上のプロジェクト "C:\Users\tsg_teacher\Documents\GitHub\graduation\space_shooting\space_shooting.vcxproj" (Build ターゲット)。
     1>ClCompile:
         C:\Program Files (x86)\Microsoft Visual Studio 12.0\VC\bin\CL.exe /c /ZI /nologo /W3 /WX- /sdl /Od /Oy- /D WIN32 /D _DEBUG /D _WINDOWS /D _MBCS /Gm /EHsc /RTC1 /MTd /GS /fp:precise /Zc:wchar_t /Zc:forScope /Fo"Debug\\" /Fd"Debug\vc120.pdb" /Gd /TP /analyze- /errorReport:prompt cdflame.cpp
         cdflame.cpp
     1>c:\users\tsg_teacher\documents\github\graduation\space_shooting\cdflame.cpp(21): warning C4244: '=' : 'int' から 'float' への変換です。データが失われる可能性があります。
     1>c:\users\tsg_teacher\documents\github\graduation\space_shooting\cdflame.cpp(22): warning C4244: '=' : 'int' から 'float' への変換です。データが失われる可能性があります。
     1>c:\users\tsg_teacher\documents\github\graduation\space_shooting\cdflame.cpp(31): warning C4244: '=' : 'int' から 'float' への変換です。データが失われる可能性があります。
     1>c:\users\tsg_teacher\documents\github\graduation\space_shooting\cdflame.cpp(32): warning C4244: '=' : 'int' から 'float' への変換です。データが失われる可能性があります。
     1>c:\users\tsg_teacher\documents\github\graduation\space_shooting\cdflame.cpp(41): warning C4244: '=' : 'int' から 'float' への変換です。データが失われる可能性があります。
     1>c:\users\tsg_teacher\documents\github\graduation\space_shooting\cdflame.cpp(42): warning C4244: '=' : 'int' から 'float' への変換です。データが失われる可能性があります。
     1>c:\users\tsg_teacher\documents\github\graduation\space_shooting\cdflame.cpp(51): warning C4244: '=' : 'int' から 'float' への変換です。データが失われる可能性があります。
     1>c:\users\tsg_teacher\documents\github\graduation\space_shooting\cdflame.cpp(52): warning C4244: '=' : 'int' から 'float' への変換です。データが失われる可能性があります。
       Link:
         C:\Program Files (x86)\Microsoft Visual Studio 12.0\VC\bin\link.exe /ERRORREPORT:PROMPT /OUT:"C:\Users\tsg_teacher\Documents\GitHub\graduation\Debug\space_shooting.exe" /INCREMENTAL /NOLOGO /LIBPATH:"C:\DxLib_VC\プロジェクトに追加すべきファイル_VC用" kernel32.lib user32.lib gdi32.lib winspool.lib comdlg32.lib advapi32.lib shell32.lib ole32.lib oleaut32.lib uuid.lib odbc32.lib odbccp32.lib /MANIFEST /MANIFESTUAC:"level='asInvoker' uiAccess='false'" /manifest:embed /DEBUG /PDB:"C:\Users\tsg_teacher\Documents\GitHub\graduation\Debug\space_shooting.pdb" /SUBSYSTEM:WINDOWS /TLBID:1 /DYNAMICBASE /NXCOMPAT /IMPLIB:"C:\Users\tsg_teacher\Documents\GitHub\graduation\Debug\space_shooting.lib" /MACHINE:X86 Debug\cdflame.obj
         Debug\cdprocess.obj
         Debug\gamemain.obj
         Debug\loading.obj
         Debug\main.obj
         space_shooting.vcxproj -> C:\Users\tsg_teacher\Documents\GitHub\graduation\Debug\space_shooting.exe
     1>プロジェクト "C:\Users\tsg_teacher\Documents\GitHub\graduation\space_shooting\space_shooting.vcxproj" (Build ターゲット) のビルドが完了しました。

ビルドに成功しました。

経過時間 00:00:00.71
